<?xml version="1.0" encoding="utf-8"?><testsuites name="pytest tests"><testsuite name="pytest" errors="0" failures="0" skipped="0" tests="10" time="13.133" timestamp="2026-08-15T18:56:12.116827+00:00" hostname="agent-env-8589062f-70c3-4813-b0cd-b2f23b58be22"><testcase classname="tests.test_tts.TestTTSErrors" name="test_get_unknown_key_returns_404" time="3.003" /><testcase classname="tests.test_tts.TestTTSGenerate" name="test_generate_returns_valid_url_and_audio[putri]" time="3.048" /><testcase classname="tests.test_tts.TestTTSErrors" name="test_empty_text_returns_400" time="0.056" /><testcase classname="tests.test_tts.TestTTSGenerate" name="test_generate_returns_valid_url_and_audio[lilis]" time="2.297" /><testcase classname="tests.test_tts.TestTTSErrors" name="test_whitespace_text_returns_400" time="2.244" /><testcase classname="tests.test_tts.TestTTSGreetings" name="test_lilis_greeting_generates_playable_mp3" time="2.391" /><testcase classname="tests.test_tts.TestTTSGenerate" name="test_generate_returns_valid_url_and_audio[parjo]" time="2.388" /><testcase classname="tests.test_tts.TestTTSGreetings" name="test_caching_idempotent_same_text_voice" time="4.813" /><testcase classname="tests.test_tts.TestTTSGenerate" name="test_generate_returns_valid_url_and_audio[bagas]" time="4.857" /><testcase classname="tests.test_tts.TestTTSGenerate" name="test_distinct_voices_produce_distinct_keys" time="0.210" /></testsuite></testsuites>