<?xml version="1.0" encoding="utf-8"?><testsuites name="pytest tests"><testsuite name="pytest" errors="0" failures="0" skipped="0" tests="14" time="9.778" timestamp="2026-08-15T19:26:28.713585+00:00" hostname="agent-env-8589062f-70c3-4813-b0cd-b2f23b58be22"><testcase classname="tests.test_tts.TestTTSErrors" name="test_get_unknown_key_returns_404" time="0.150" /><testcase classname="tests.test_tts.TestTTSGenerate" name="test_generate_returns_valid_url_and_audio[putri]" time="1.144" /><testcase classname="tests.test_tts.TestTTSErrors" name="test_empty_text_returns_400" time="0.945" /><testcase classname="tests.test_tts.TestTTSErrors" name="test_whitespace_text_returns_400" time="0.085" /><testcase classname="tests.test_tts.TestTTSGenerate" name="test_generate_returns_valid_url_and_audio[lilis]" time="1.324" /><testcase classname="tests.test_tts.TestTTSGreetings" name="test_lilis_greeting_generates_playable_mp3" time="1.339" /><testcase classname="tests.test_tts.TestTTSGenerate" name="test_generate_returns_valid_url_and_audio[parjo]" time="1.726" /><testcase classname="tests.test_tts.TestTTSGreetings" name="test_caching_idempotent_same_text_voice" time="1.721" /><testcase classname="tests.test_tts.TestTTSGenerate" name="test_generate_returns_valid_url_and_audio[bagas]" time="0.972" /><testcase classname="tests.test_tts.TestTTSGenerate" name="test_distinct_voices_produce_distinct_keys" time="0.211" /><testcase classname="tests.test_tts.TestTTSGenerate" name="test_long_sentence_generates_successfully[putri]" time="1.104" /><testcase classname="tests.test_tts.TestTTSGenerate" name="test_long_sentence_generates_successfully[lilis]" time="0.854" /><testcase classname="tests.test_tts.TestTTSGenerate" name="test_long_sentence_generates_successfully[parjo]" time="1.071" /><testcase classname="tests.test_tts.TestTTSGenerate" name="test_long_sentence_generates_successfully[bagas]" time="1.059" /></testsuite></testsuites>